f:\source\repos\raylib_project1\raylib_project1\x64\debug\vc143.pdb
f:\source\repos\raylib_project1\raylib_project1\x64\debug\vc143.idb
f:\source\repos\raylib_project1\raylib_project1\x64\debug\randomgenerator.obj
f:\source\repos\raylib_project1\raylib_project1\x64\debug\object.obj
f:\source\repos\raylib_project1\raylib_project1\x64\debug\logger.obj
f:\source\repos\raylib_project1\raylib_project1\x64\debug\log.obj
f:\source\repos\raylib_project1\raylib_project1\x64\debug\texturemanager.obj
f:\source\repos\raylib_project1\raylib_project1\x64\debug\t_thread.obj
f:\source\repos\raylib_project1\raylib_project1\x64\debug\taskscheduler.obj
f:\source\repos\raylib_project1\raylib_project1\x64\debug\tasks.obj
f:\source\repos\raylib_project1\raylib_project1\x64\debug\taskmanager.obj
f:\source\repos\raylib_project1\raylib_project1\x64\debug\task.obj
f:\source\repos\raylib_project1\raylib_project1\x64\debug\messagequeue.obj
f:\source\repos\raylib_project1\raylib_project1\x64\debug\event.obj
f:\source\repos\raylib_project1\raylib_project1\x64\debug\startmenu.obj
f:\source\repos\raylib_project1\raylib_project1\x64\debug\soundmanager.obj
f:\source\repos\raylib_project1\raylib_project1\x64\debug\shadermanager.obj
f:\source\repos\raylib_project1\raylib_project1\x64\debug\scenemanager.obj
f:\source\repos\raylib_project1\raylib_project1\x64\debug\main.obj
f:\source\repos\raylib_project1\raylib_project1\x64\debug\fontmanager.obj
f:\source\repos\raylib_project1\raylib_project1\x64\debug\entitymanager.obj
f:\source\repos\raylib_project1\x64\debug\raylib_project1.pdb
f:\source\repos\raylib_project1\raylib_project1\x64\debug\raylib_project1.tlog\cl.read.1.tlog
f:\source\repos\raylib_project1\raylib_project1\x64\debug\raylib_project1.tlog\cl.write.1.tlog
f:\source\repos\raylib_project1\raylib_project1\x64\debug\raylib_project1.tlog\cl.command.1.tlog
f:\source\repos\raylib_project1\raylib_project1\x64\debug\raylib_project1.tlog\link-rc.read.1.tlog
f:\source\repos\raylib_project1\raylib_project1\x64\debug\raylib_project1.tlog\link-rc.write.1.tlog
f:\source\repos\raylib_project1\raylib_project1\x64\debug\raylib_project1.tlog\link-cvtres.read.1.tlog
f:\source\repos\raylib_project1\raylib_project1\x64\debug\raylib_project1.tlog\link-cvtres.write.1.tlog
f:\source\repos\raylib_project1\raylib_project1\x64\debug\raylib_project1.tlog\link.read.2.tlog
f:\source\repos\raylib_project1\raylib_project1\x64\debug\raylib_project1.tlog\link.read.1.tlog
f:\source\repos\raylib_project1\raylib_project1\x64\debug\raylib_project1.tlog\link.write.1.tlog
f:\source\repos\raylib_project1\raylib_project1\x64\debug\raylib_project1.tlog\link.command.1.tlog
