  EntityManager.cpp
  FontManager.cpp
  main.cpp
C:\source\repos\Raylib_Project1\Raylib_Project1\Tilemap.h(154,34): warning C4244: 'initializing': conversion from 'int' to 'float', possible loss of data
  (compiling source file 'main.cpp')
  
C:\source\repos\Raylib_Project1\Raylib_Project1\Tilemap.h(155,34): warning C4244: 'initializing': conversion from 'int' to 'float', possible loss of data
  (compiling source file 'main.cpp')
  
C:\source\repos\Raylib_Project1\Raylib_Project1\Tilemap.h(156,39): warning C4244: 'initializing': conversion from 'int' to 'float', possible loss of data
  (compiling source file 'main.cpp')
  
C:\source\repos\Raylib_Project1\Raylib_Project1\Tilemap.h(182,34): warning C4244: 'initializing': conversion from 'int' to 'float', possible loss of data
  (compiling source file 'main.cpp')
  
C:\source\repos\Raylib_Project1\Raylib_Project1\Tilemap.h(183,34): warning C4244: 'initializing': conversion from 'int' to 'float', possible loss of data
  (compiling source file 'main.cpp')
  
C:\source\repos\Raylib_Project1\Raylib_Project1\Tilemap.h(184,39): warning C4244: 'initializing': conversion from 'int' to 'float', possible loss of data
  (compiling source file 'main.cpp')
  
C:\Program Files\Microsoft Visual Studio\18\Community\VC\Tools\MSVC\14.51.36231\include\memory(3666,56): warning C4244: 'argument': conversion from '_Ty' to 'float', possible loss of data
C:\Program Files\Microsoft Visual Studio\18\Community\VC\Tools\MSVC\14.51.36231\include\memory(3666,56): warning C4244:         with
C:\Program Files\Microsoft Visual Studio\18\Community\VC\Tools\MSVC\14.51.36231\include\memory(3666,56): warning C4244:         [
C:\Program Files\Microsoft Visual Studio\18\Community\VC\Tools\MSVC\14.51.36231\include\memory(3666,56): warning C4244:             _Ty=double
C:\Program Files\Microsoft Visual Studio\18\Community\VC\Tools\MSVC\14.51.36231\include\memory(3666,56): warning C4244:         ]
  (compiling source file 'main.cpp')
      C:\Program Files\Microsoft Visual Studio\18\Community\VC\Tools\MSVC\14.51.36231\include\memory(3666,56):
      the template instantiation context (the oldest one first) is
          C:\source\repos\Raylib_Project1\Raylib_Project1\Scenes.h(95,23):
          see reference to function template instantiation 'T *Entity::AddComponent<SensorComponent,double,double,SensorSide>(double &&,double &&,SensorSide &&)' being compiled
          with
          [
              T=SensorComponent
          ]
          C:\source\repos\Raylib_Project1\Raylib_Project1\Entity.h(25,26):
          see reference to function template instantiation 'std::unique_ptr<SensorComponent,std::default_delete<SensorComponent>> std::make_unique<SensorComponent,Entity*,_Ty,_Ty,SensorSide,0>(Entity *&&,_Ty &&,_Ty &&,SensorSide &&)' being compiled
          with
          [
              _Ty=double
          ]
  
  SceneManager.cpp
  ShaderManager.cpp
  SoundManager.cpp
  StartMenu.cpp
C:\source\repos\Raylib_Project1\Raylib_Project1\Tilemap.h(154,34): warning C4244: 'initializing': conversion from 'int' to 'float', possible loss of data
  (compiling source file 'StartMenu.cpp')
  
C:\source\repos\Raylib_Project1\Raylib_Project1\Tilemap.h(155,34): warning C4244: 'initializing': conversion from 'int' to 'float', possible loss of data
  (compiling source file 'StartMenu.cpp')
  
C:\source\repos\Raylib_Project1\Raylib_Project1\Tilemap.h(156,39): warning C4244: 'initializing': conversion from 'int' to 'float', possible loss of data
  (compiling source file 'StartMenu.cpp')
  
C:\source\repos\Raylib_Project1\Raylib_Project1\Tilemap.h(182,34): warning C4244: 'initializing': conversion from 'int' to 'float', possible loss of data
  (compiling source file 'StartMenu.cpp')
  
C:\source\repos\Raylib_Project1\Raylib_Project1\Tilemap.h(183,34): warning C4244: 'initializing': conversion from 'int' to 'float', possible loss of data
  (compiling source file 'StartMenu.cpp')
  
C:\source\repos\Raylib_Project1\Raylib_Project1\Tilemap.h(184,39): warning C4244: 'initializing': conversion from 'int' to 'float', possible loss of data
  (compiling source file 'StartMenu.cpp')
  
C:\source\repos\Raylib_Project1\Raylib_Project1\StartMenu.cpp(19,34): warning C4305: 'argument': truncation from 'double' to 'float'
C:\source\repos\Raylib_Project1\Raylib_Project1\StartMenu.cpp(22,33): warning C4305: 'argument': truncation from 'double' to 'float'
C:\source\repos\Raylib_Project1\Raylib_Project1\StartMenu.cpp(25,40): warning C4305: 'argument': truncation from 'double' to 'float'
C:\source\repos\Raylib_Project1\Raylib_Project1\StartMenu.cpp(26,41): warning C4305: 'argument': truncation from 'double' to 'float'
C:\source\repos\Raylib_Project1\Raylib_Project1\StartMenu.cpp(27,40): warning C4305: 'argument': truncation from 'double' to 'float'
C:\source\repos\Raylib_Project1\Raylib_Project1\StartMenu.cpp(28,37): warning C4305: 'argument': truncation from 'double' to 'float'
C:\Program Files\Microsoft Visual Studio\18\Community\VC\Tools\MSVC\14.51.36231\include\memory(3666,56): warning C4244: 'argument': conversion from '_Ty' to 'float', possible loss of data
C:\Program Files\Microsoft Visual Studio\18\Community\VC\Tools\MSVC\14.51.36231\include\memory(3666,56): warning C4244:         with
C:\Program Files\Microsoft Visual Studio\18\Community\VC\Tools\MSVC\14.51.36231\include\memory(3666,56): warning C4244:         [
C:\Program Files\Microsoft Visual Studio\18\Community\VC\Tools\MSVC\14.51.36231\include\memory(3666,56): warning C4244:             _Ty=double
C:\Program Files\Microsoft Visual Studio\18\Community\VC\Tools\MSVC\14.51.36231\include\memory(3666,56): warning C4244:         ]
  (compiling source file 'StartMenu.cpp')
      C:\Program Files\Microsoft Visual Studio\18\Community\VC\Tools\MSVC\14.51.36231\include\memory(3666,56):
      the template instantiation context (the oldest one first) is
          C:\source\repos\Raylib_Project1\Raylib_Project1\Scenes.h(95,23):
          see reference to function template instantiation 'T *Entity::AddComponent<SensorComponent,double,double,SensorSide>(double &&,double &&,SensorSide &&)' being compiled
          with
          [
              T=SensorComponent
          ]
          C:\source\repos\Raylib_Project1\Raylib_Project1\Entity.h(25,26):
          see reference to function template instantiation 'std::unique_ptr<SensorComponent,std::default_delete<SensorComponent>> std::make_unique<SensorComponent,Entity*,_Ty,_Ty,SensorSide,0>(Entity *&&,_Ty &&,_Ty &&,SensorSide &&)' being compiled
          with
          [
              _Ty=double
          ]
  
  Event.cpp
  Task.cpp
  TaskManager.cpp
  TaskQueue.cpp
  TaskScheduler.cpp
C:\source\repos\Raylib_Project1\Raylib_Project1\TaskManager\TaskScheduler.cpp(15,41): warning C4244: '=': conversion from '__int64' to 'float', possible loss of data
  T_Thread.cpp
  TextureManager.cpp
  Clock.cpp
  GameTimer.cpp
  Log.cpp
  Logger.cpp
  Object.cpp
  RandomGenerator.cpp
  Generating Code...
LINK : warning LNK4098: defaultlib 'MSVCRT' conflicts with use of other libs; use /NODEFAULTLIB:library
  Raylib_Project1.vcxproj -> C:\source\repos\Raylib_Project1\x64\Debug\Raylib_Project1.exe
